1532635617730	geckodriver	INFO	geckodriver 0.21.0
1532635617740	geckodriver	INFO	Listening on 127.0.0.1:52817
1532635620794	mozrunner::runner	INFO	Running command: "C:\\Program Files\\Mozilla Firefox\\firefox.exe" "-marionette" "-foreground" "-no-remote" "-profile" "C:\\Users\\mgdesoto\\AppData\\Local\\Temp\\rust_mozprofile.x4GoYze2JLey"
Unable to read VR Path Registry from C:\Users\mgdesoto\AppData\Local\openvr\openvrpaths.vrpath
Unable to read VR Path Registry from C:\Users\mgdesoto\AppData\Local\openvr\openvrpaths.vrpath
Unable to read VR Path Registry from C:\Users\mgdesoto\AppData\Local\openvr\openvrpaths.vrpath
Unable to read VR Path Registry from C:\Users\mgdesoto\AppData\Local\openvr\openvrpaths.vrpath
Unable to read VR Path Registry from C:\Users\mgdesoto\AppData\Local\openvr\openvrpaths.vrpath
1532635624252	Marionette	INFO	Listening on port 52825
1532635624741	Marionette	WARN	TLS certificate errors will be ignored for this session
JavaScript warning: https://newsaml.ryder.com/SiteOne/Scripts/jquery-1.10.2.min.js, line 1: Using //@ to indicate sourceMappingURL pragmas is deprecated. Use //# instead
[Parent 20184, Gecko_IOThread] WARNING: pipe error: 109: file z:/build/build/src/ipc/chromium/src/chrome/common/ipc_channel_win.cc, line 346
[Parent 20184, Gecko_IOThread] WARNING: pipe error: 109: file z:/build/build/src/ipc/chromium/src/chrome/common/ipc_channel_win.cc, line 346
[Child 11292, Chrome_ChildThread] WARNING: pipe error: 109: file z:/build/build/src/ipc/chromium/src/chrome/common/i[Child 18360, Chrome_ChildThread] WARNING: pipe error: 109: pfile z:/cb_ucihladn/nbeuli_lwdi/ns.rccc/,i plci/nceh r3o4m6i
um/src/chrome/[Child 112com92, Chrome_ChildThread] WARNING: pipe error: 109: file z:/mbon/ipc_channel_uwiin.cc, line 346
[Child 18360, Chrome_ChildThread] WARNING: pipe error: 109: file z:/build/build/src/ipc/chromium/src/chrome/common/ipc_channel_win.cc, line 346
[Parent 20184, Gecko_IOThread] WARNING: pipe error: 109: file z:/build/build/src/ipc/chromium/src/chrome/common/ipc_channel_win.cc, line 346
[GPU 5620, Chr
###!!! [Child][MessageChannel::SendAndWait] Error: Channel error: cannot send/recv

1532690873450	geckodriver	INFO	geckodriver 0.21.0
1532690873465	geckodriver	INFO	Listening on 127.0.0.1:54117
1532690876434	mozrunner::runner	INFO	Running command: "C:\\Program Files\\Mozilla Firefox\\firefox.exe" "-marionette" "-foreground" "-no-remote" "-profile" "C:\\Users\\mgdesoto\\AppData\\Local\\Temp\\rust_mozprofile.hP9JbRBe7Oqk"
Unable to read VR Path Registry from C:\Users\mgdesoto\AppData\Local\openvr\openvrpaths.vrpath
Unable to read VR Path Registry from C:\Users\mgdesoto\AppData\Local\openvr\openvrpaths.vrpath
Unable to read VR Path Registry from C:\Users\mgdesoto\AppData\Local\openvr\openvrpaths.vrpath
Unable to read VR Path Registry from C:\Users\mgdesoto\AppData\Local\openvr\openvrpaths.vrpath
Unable to read VR Path Registry from C:\Users\mgdesoto\AppData\Local\openvr\openvrpaths.vrpath
1532690880455	Marionette	INFO	Listening on port 54127
1532690880940	Marionette	WARN	TLS certificate errors will be ignored for this session
[Parent 4364, Gecko_IOThread] WARNING: pipe error: 109: file z:/build/build/src/ipc/chromium/src/chrome/common/ipc_channel_win.cc, line 346
[Child 18864, Chrome_ChildThread] WARNING: pipe error: 109: file z:/build/build/src/ipc/chromium/src/chrome/common/ipc_channel_win.cc, line 346
[Child 18[Parent 4364, Gecko_IOThread] WARNING: pipe error: 109: file z:/build/build/src/ipc/chromium/src/chrome/common/ipc_channel_win.cc, line 346
[Child 12320, Chrome_ChildThread] WARNING: pipe error: 109: file z:/build/build/src/ipc/chromium/src/chrome/common/ipc_channel_win.cc, line 346
[Child 12*** UTM:SVC TimerManager:registerTimer called after profile-before-change notification. Ignoring timer registration for id: telemetry_modules_ping

###!!! [Child][MessageChannel::SendAndWait] Error: Channel error: cannot send/recv

1532704109400	geckodriver	INFO	geckodriver 0.21.0
1532704109400	geckodriver	INFO	Listening on 127.0.0.1:55041
1532704112400	mozrunner::runner	INFO	Running command: "C:\\Program Files\\Mozilla Firefox\\firefox.exe" "-marionette" "-foreground" "-no-remote" "-profile" "C:\\Users\\mgdesoto\\AppData\\Local\\Temp\\rust_mozprofile.K6CIkJ7sIMSL"
Unable to read VR Path Registry from C:\Users\mgdesoto\AppData\Local\openvr\openvrpaths.vrpath
Unable to read VR Path Registry from C:\Users\mgdesoto\AppData\Local\openvr\openvrpaths.vrpath
Unable to read VR Path Registry from C:\Users\mgdesoto\AppData\Local\openvr\openvrpaths.vrpath
Unable to read VR Path Registry from C:\Users\mgdesoto\AppData\Local\openvr\openvrpaths.vrpath
1532704115788	Marionette	INFO	Listening on port 55051
1532704115900	Marionette	WARN	TLS certificate errors will be ignored for this session
Unable to read VR Path Registry from C:\Users\mgdesoto\AppData\Local\openvr\openvrpaths.vrpath
JavaScript warning: https://newsaml.ryder.com/SiteOne/Scripts/jquery-1.10.2.min.js, line 1: Using //@ to indicate sourceMappingURL pragmas is deprecated. Use //# instead
[Parent 23492, Gecko_IOThread] WARNING: pipe error: 109: file z:/build/build/src/ipc/chromium/src/chrome/common/ipc_channel_win.cc, line 346
[Child 1136, Chrome_ChildThread] WARNING: pipe error: 109: file z:/build/build/src/ipc/chromium/src/chrome/common/ipc_channel_win.cc, line 346
[Child 1136, Chrome_[Parent 23492, Gecko_IOThread] WARNING: pipe error: 109: file z:/build/build/src/ipc/chromium/src/chrome/common/ipc_channel_win.cc, line 346
[GPU 2124
###!!! [Child][MessageChannel::SendAndWait] Error: Channel error: cannot send/recv

1532719315569	geckodriver	INFO	geckodriver 0.21.0
1532719315747	geckodriver	INFO	Listening on 127.0.0.1:64686
1532719318589	mozrunner::runner	INFO	Running command: "C:\\Program Files\\Mozilla Firefox\\firefox.exe" "-marionette" "-foreground" "-no-remote" "-profile" "C:\\Users\\mgdesoto\\AppData\\Local\\Temp\\rust_mozprofile.gxI4UAsrJXf2"
Unable to read VR Path Registry from C:\Users\mgdesoto\AppData\Local\openvr\openvrpaths.vrpath
Unable to read VR Path Registry from C:\Users\mgdesoto\AppData\Local\openvr\openvrpaths.vrpath
Unable to read VR Path Registry from C:\Users\mgdesoto\AppData\Local\openvr\openvrpaths.vrpath
1532719331614	Marionette	INFO	Listening on port 64694
1532719331824	Marionette	WARN	TLS certificate errors will be ignored for this session
Unable to read VR Path Registry from C:\Users\mgdesoto\AppData\Local\openvr\openvrpaths.vrpath
Unable to read VR Path Registry from C:\Users\mgdesoto\AppData\Local\openvr\openvrpaths.vrpath
JavaScript warning: https://newsaml.ryder.com/SiteOne/Scripts/jquery-1.10.2.min.js, line 1: Using //@ to indicate sourceMappingURL pragmas is deprecated. Use //# instead
[Parent 9008, Gecko_IOThread] WARNING: pipe error: 109: file z:/build/build/src/ipc/chromium/src/chrome/common/ipc_channel_win.cc, line 346
[Parent 9008, Gecko_IOThread] WARNING: pipe error: 109: file z:/build/build/src/ipc/chromium/src/chrome/common/ipc_channel_win.cc, line 346
[Child 8172, Chrome_ChildThread] WARNING: pipe error: 109: file z:/build/build/src/ipc/chromium/src/chrome/common/ipc_channel_win.cc, line 346
[Parent 9008, Gecko_IOThread] WARNING: pipe error: 109: file z:/build/build/src/ipc/chromium/src/chrome/common/ipc_channel_win.cc, line 346
[Child 24692, Chrome_ChildThread] WARNING: pipe error: 109: file z:/build/build/src/ipc/chromium/src/chrome/common/ipc_channel_win.cc, line 346
[Child 24692, Chrome_ChildThread] WARNING*** UTM:SVC TimerManager:registerTimer called after profile-before-change notification. Ignoring timer registration for id: telemetry_modules_ping
[GPU 17476, Chrom
###!!! [Child][MessageChannel::SendAndWait] Error: Channel error: cannot send/recv

