1532950135479	geckodriver	INFO	geckodriver 0.21.0
1532950135498	geckodriver	INFO	Listening on 127.0.0.1:56629
1532950138499	mozrunner::runner	INFO	Running command: "C:\\Program Files\\Mozilla Firefox\\firefox.exe" "-marionette" "-foreground" "-no-remote" "-profile" "C:\\Users\\mgdesoto\\AppData\\Local\\Temp\\rust_mozprofile.dvMTYQuWwlCU"
Unable to read VR Path Registry from C:\Users\mgdesoto\AppData\Local\openvr\openvrpaths.vrpath
Unable to read VR Path Registry from C:\Users\mgdesoto\AppData\Local\openvr\openvrpaths.vrpath
Unable to read VR Path Registry from C:\Users\mgdesoto\AppData\Local\openvr\openvrpaths.vrpath
Unable to read VR Path Registry from C:\Users\mgdesoto\AppData\Local\openvr\openvrpaths.vrpath
Unable to read VR Path Registry from C:\Users\mgdesoto\AppData\Local\openvr\openvrpaths.vrpath
1532950141833	Marionette	INFO	Listening on port 56643
1532950141895	Marionette	WARN	TLS certificate errors will be ignored for this session
JavaScript warning: https://newsaml.ryder.com/SiteOne/Scripts/jquery-1.10.2.min.js, line 1: Using //@ to indicate sourceMappingURL pragmas is deprecated. Use //# instead
IPDL protocol error: Handler returned error code!

###!!! [Parent][DispatchAsyncMessage] Error: PAPZCTreeManager::Msg_SetTargetAPZC Processing error: message was deserialized, but the handler returned false (indicating failure)

IPDL protocol error: Handler returned error code!

###!!! [Parent][DispatchAsyncMessage] Error: PAPZCTreeManager::Msg_SetTargetAPZC Processing error: message was deserialized, but the handler returned false (indicating failure)

IPDL protocol error: Handler returned error code!

###!!! [Parent][DispatchAsyncMessage] Error: PAPZCTreeManager::Msg_SetTargetAPZC Processing error: message was deserialized, but the handler returned false (indicating failure)

IPDL protocol error: Handler returned error code!

###!!! [Parent][DispatchAsyncMessage] Error: PAPZCTreeManager::Msg_SetTargetAPZC Processing error: message was deserialized, but the handler returned false (indicating failure)

[Parent 18624, Gecko_IOThread] WARNING: pipe error: 109: file z:/build/build/src/ipc/chromium/src/chrome/common/ipc_channel_win.cc, line 346
[Child 16228, Chrome_ChildThread] WARNING: pipe error: 109: file z:/build/build/src/ipc/chromium/src/chrome/common/ipc_channel_win.cc, line 346
[Child 16228, Chrome_ChildThread] WARNING: pipe error: 109: file z:/build/build/src/ipc/chromium/src/chrome/common/ipc_channel_win.cc, line 346
[Parent 18624, Gecko_IOThread] WARNING: pipe error: 109: file z:/build/build/src/ipc/chromium/src/chrome/common/ipc_channel_win.cc, line 346
[GPU 18636, Chro
###!!! [Child][MessageChannel::SendAndWait] Error: Channel error: cannot send/recv

1532966674268	geckodriver	INFO	geckodriver 0.21.0
1532966674283	geckodriver	INFO	Listening on 127.0.0.1:58732
1532966677276	mozrunner::runner	INFO	Running command: "C:\\Program Files\\Mozilla Firefox\\firefox.exe" "-marionette" "-foreground" "-no-remote" "-profile" "C:\\Users\\mgdesoto\\AppData\\Local\\Temp\\rust_mozprofile.HATPc6UQuSDu"
Unable to read VR Path Registry from C:\Users\mgdesoto\AppData\Local\openvr\openvrpaths.vrpath
Unable to read VR Path Registry from C:\Users\mgdesoto\AppData\Local\openvr\openvrpaths.vrpath
Unable to read VR Path Registry from C:\Users\mgdesoto\AppData\Local\openvr\openvrpaths.vrpath
Unable to read VR Path Registry from C:\Users\mgdesoto\AppData\Local\openvr\openvrpaths.vrpath
Unable to read VR Path Registry from C:\Users\mgdesoto\AppData\Local\openvr\openvrpaths.vrpath
1532966681074	Marionette	INFO	Listening on port 58746
1532966681271	Marionette	WARN	TLS certificate errors will be ignored for this session
JavaScript warning: https://newsaml.ryder.com/SiteOne/Scripts/jquery-1.10.2.min.js, line 1: Using //@ to indicate sourceMappingURL pragmas is deprecated. Use //# instead
[Parent 14832, Gecko_IOThread] WARNING: pipe error: 109: file z:/build/build/src/ipc/chromium/src/chrome/common/ipc_channel_win.cc, line 346
[Child 12628, Chrome_ChildThread] WARNING: pipe error: 109: file z:/build/build/src/ipc/chromium/src/chrome/common/ipc_channel_win.cc, line 346
[Child 12628, Chrome_ChildThread] WARNING: pipe error: 109: file z:/build/build/src/ipc/chromium/src/chrome/common/ipc_channel_win.cc, line 346
[Child 18848, Chrome_ChildThread] WARNING: pipe error: 109: file z:/build/build/src/ipc/chromium/src/chrome/common/ipc_channel_win.cc, line 346
[Child 1[Parent 14832, Gecko_IOThread] WARNING: pipe error: 109: file z:/build/build/src/ipc/chromium/src/chrome/common/ipc_channel_win.cc, line 346
[Child 4484, Chrome_ChildThread] WARNING: pipe error: 109: file z:/build/build/src/ipc/chromium/src/chrome/common/ipc_channel_win.cc, line 346
[Child [GPU 8864, C
###!!! [Child][MessageChannel::SendAndWait] Error: Channel error: cannot send/recv

1532981088212	geckodriver	INFO	geckodriver 0.21.0
1532981088230	geckodriver	INFO	Listening on 127.0.0.1:61202
1532981091198	mozrunner::runner	INFO	Running command: "C:\\Program Files\\Mozilla Firefox\\firefox.exe" "-marionette" "-foreground" "-no-remote" "-profile" "C:\\Users\\mgdesoto\\AppData\\Local\\Temp\\rust_mozprofile.xrWmen0L9MqU"
Unable to read VR Path Registry from C:\Users\mgdesoto\AppData\Local\openvr\openvrpaths.vrpath
Unable to read VR Path Registry from C:\Users\mgdesoto\AppData\Local\openvr\openvrpaths.vrpath
Unable to read VR Path Registry from C:\Users\mgdesoto\AppData\Local\openvr\openvrpaths.vrpath
Unable to read VR Path Registry from C:\Users\mgdesoto\AppData\Local\openvr\openvrpaths.vrpath
Unable to read VR Path Registry from C:\Users\mgdesoto\AppData\Local\openvr\openvrpaths.vrpath
1532981093876	Marionette	INFO	Listening on port 61212
1532981094112	Marionette	WARN	TLS certificate errors will be ignored for this session
JavaScript warning: https://newsaml.ryder.com/SiteOne/Scripts/jquery-1.10.2.min.js, line 1: Using //@ to indicate sourceMappingURL pragmas is deprecated. Use //# instead
[Parent 9400, Gecko_IOThread] WARNING: pipe error: 109: file z:/build/build/src/ipc/chromium/src/chrome/common/ipc_channel_win.cc, line 346
[Child 19848, Chrome_ChildThread] WARNING: pipe error: 109: file z:/build/build/src/ipc/chromium/src/chrome/common/ipc_channel_win.cc, line 346
[Child 19848, Chrome_ChildThread] WARNING: pipe error: 109: file z:/build/build/src/ipc/chr[Parent 9400, Gecko_IOThread] WARNING: pipe error: 109: file z:/build/build/src/ipc/chromium/src/chrome/common/ipc_channel_win.cc, line 346
[Child 3696, Chrome_ChildThread] WARNING: pipe error: 109: file z:/build/build/src/ipc/chromium/src/chrome/common/ipc_channel_win.cc, line 346
[Child 3696, Chrome_ChildThread] WARNING: pipe error: 109: file z:/build/build/src/ipc/chromium/src/chrome/common/ipc_channel_win.cc, line 346
[Parent 9400, Gecko_IOThread] WARNING: pipe error: 109: file z:/build/build/src/ipc/chromium/src/chrome/common/ipc_channel_win.cc, line 346
[GPU 6060, Chr
###!!! [Child][MessageChannel::SendAndWait] Error: Channel error: cannot send/recv

1533036770716	geckodriver	INFO	geckodriver 0.21.0
1533036770732	geckodriver	INFO	Listening on 127.0.0.1:64514
1533036773716	mozrunner::runner	INFO	Running command: "C:\\Program Files\\Mozilla Firefox\\firefox.exe" "-marionette" "-foreground" "-no-remote" "-profile" "C:\\Users\\mgdesoto\\AppData\\Local\\Temp\\rust_mozprofile.VV9uJwmfZKT5"
Unable to read VR Path Registry from C:\Users\mgdesoto\AppData\Local\openvr\openvrpaths.vrpath
Unable to read VR Path Registry from C:\Users\mgdesoto\AppData\Local\openvr\openvrpaths.vrpath
Unable to read VR Path Registry from C:\Users\mgdesoto\AppData\Local\openvr\openvrpaths.vrpath
Unable to read VR Path Registry from C:\Users\mgdesoto\AppData\Local\openvr\openvrpaths.vrpath
Unable to read VR Path Registry from C:\Users\mgdesoto\AppData\Local\openvr\openvrpaths.vrpath
1533036779541	Marionette	INFO	Listening on port 64522
1533036779571	Marionette	WARN	TLS certificate errors will be ignored for this session
1533036812757	addons.productaddons	WARN	Failed downloading XML, status: 0, reason: error
1533036812776	addons.productaddons	WARN	Failed downloading via XHR, status: 0, reason: error
1533036812785	addons.productaddons	WARN	Failed downloading via XHR, status: 0, reason: error
[Parent 17832, Gecko_IOThread] WARNING: pipe error: 109: file z:/build/build/src/ipc/chromium/src/chrome/common/ipc_channel_win.cc, line 346
[Parent 17832, Gecko_IOThread] WARNING: pipe error: 109: file z:/build/build/src/ipc/chromium/src/chrome/common/ipc_channel_win.cc, line 346
[Child 12132, Chrome_ChildThread] WARNING: pipe error: 109: file z:/build/build/src/ipc/chromium/src/chrome/common/ipc_channel_win.cc, line 346
[Child 12132, Chrome_[Parent 17832, Gecko_IOThread] WARNING: pipe error: 109: file z:/build/build/src/ipc/chromium/src/chrome/common/ipc_channel_win.cc, line 346
[Child 9740, Chrome_ChildThread] WARNING: pipe error: 109: file z:/build/build/src/ipc/chromium/src/chrome/common/ipc_channel_win.cc, line 346
[Child 9740, Chrome_ChildThread] WARNING: pipe error: 109: file z:/build/build/src/ipc/chromium/src/chrome/common/ipc_channel_win.cc, line 346
*** UTM:SVC TimerManager:registerTimer called after profile-before-change notification. Ignoring timer registration for id: telemetry_modules_ping
[GPU 15952, Ch
###!!! [Child][MessageChannel::SendAndWait] Error: Channel error: cannot send/recv

1533037037542	geckodriver	INFO	geckodriver 0.21.0
1533037037557	geckodriver	INFO	Listening on 127.0.0.1:65082
1533037040527	mozrunner::runner	INFO	Running command: "C:\\Program Files\\Mozilla Firefox\\firefox.exe" "-marionette" "-foreground" "-no-remote" "-profile" "C:\\Users\\mgdesoto\\AppData\\Local\\Temp\\rust_mozprofile.KSghAtZfGEl1"
Unable to read VR Path Registry from C:\Users\mgdesoto\AppData\Local\openvr\openvrpaths.vrpath
Unable to read VR Path Registry from C:\Users\mgdesoto\AppData\Local\openvr\openvrpaths.vrpath
Unable to read VR Path Registry from C:\Users\mgdesoto\AppData\Local\openvr\openvrpaths.vrpath
Unable to read VR Path Registry from C:\Users\mgdesoto\AppData\Local\openvr\openvrpaths.vrpath
1533037043359	Marionette	INFO	Listening on port 65090
Unable to read VR Path Registry from C:\Users\mgdesoto\AppData\Local\openvr\openvrpaths.vrpath
1533037043860	Marionette	WARN	TLS certificate errors will be ignored for this session
JavaScript warning: https://newsaml.ryder.com/SiteOne/Scripts/jquery-1.10.2.min.js, line 1: Using //@ to indicate sourceMappingURL pragmas is deprecated. Use //# instead
IPDL protocol error: Handler returned error code!

###!!! [Parent][DispatchAsyncMessage] Error: PAPZCTreeManager::Msg_SetTargetAPZC Processing error: message was deserialized, but the handler returned false (indicating failure)

[Parent 19428, Gecko_IOThread] WARNING: pipe error: 109: file z:/build/build/src/ipc/chromium/src/chrome/common/ipc_channel_win.cc, line 346
[Child 20140, Chrome_ChildThread] WARNING: pipe error: 109: file z:/build/build/src/ipc/chromium/src/chrome/common/ipc_channel_win.cc, line 346
[Child 20140, Chrome_ChildThread] WARNING: pipe error: 109: file z:/build/build/src/ipc/chromium/src/chrome/common/ipc_channel_win.cc, line 346
[Parent 19428, Gecko_IOThread] WARNING: pipe error: 109: file z:/build/build/src/ipc/chromium/src/chrome/common/ipc_channel_win.cc, line 346
[Child 18836, Chrome_ChildThread] WARNING: pipe error: 109: file z:/build/build/src/ipc/chromium/src/chrome/common/ipc_channel_win.cc, line 346
[Child 18836, Chrome_ChildThread] WARNING: pipe error: 109: file z:/build/build/src/ipc/chromium/src/chrome/common/ipc_channel_w[Parent 19428, Gecko_IOThread] WARNING: pipe error: 109: file z:/build/build/src/ipc/chromium/src/chrome/common/ipc_channel_win.cc, line 346
[Child 1640, Chrome_ChildThread] WARNING: pipe error: 109: file z:/build/build/src/ipc/chromium/src/chrome/common/ipc_channel_win.cc, line 346
[Child 1*** UTM:SVC TimerManager:registerTimer called after profile-before-change notification. Ignoring timer registration for id: telemetry_modules_ping

###!!! [Child][MessageChannel::SendAndWait] Error: Channel error: cannot send/recv

1533037651601	geckodriver	INFO	geckodriver 0.21.0
1533037651601	geckodriver	INFO	Listening on 127.0.0.1:65443
1533037654604	mozrunner::runner	INFO	Running command: "C:\\Program Files\\Mozilla Firefox\\firefox.exe" "-marionette" "-foreground" "-no-remote" "-profile" "C:\\Users\\mgdesoto\\AppData\\Local\\Temp\\rust_mozprofile.eAqWr73uCASn"
Unable to read VR Path Registry from C:\Users\mgdesoto\AppData\Local\openvr\openvrpaths.vrpath
Unable to read VR Path Registry from C:\Users\mgdesoto\AppData\Local\openvr\openvrpaths.vrpath
Unable to read VR Path Registry from C:\Users\mgdesoto\AppData\Local\openvr\openvrpaths.vrpath
1533037656918	Marionette	INFO	Listening on port 65451
Unable to read VR Path Registry from C:\Users\mgdesoto\AppData\Local\openvr\openvrpaths.vrpath
1533037657421	Marionette	WARN	TLS certificate errors will be ignored for this session
Unable to read VR Path Registry from C:\Users\mgdesoto\AppData\Local\openvr\openvrpaths.vrpath
JavaScript warning: https://newsaml.ryder.com/SiteOne/Scripts/jquery-1.10.2.min.js, line 1: Using //@ to indicate sourceMappingURL pragmas is deprecated. Use //# instead
[Child 17928, Chrome_ChildThread] WARNING: pipe error: 109: file z:/build/build/src/ipc/chromium/src/chrome/common/ipc_channel_win.cc, line 346
[Child 17928, Chrome_ChildThread] WARNING: pipe error: 109: file z:/build/build/src/ipc/chromium/src/chrome/common/ipc_channe[Parent 21628, Gecko_IOThread] WARNING: pipe error: 109: file z:/build/build/src/ipc/chromium/src/chrome/common/ipc_channel_win.cc, line 346
[Child 21008, Chrome_ChildThread] WARNING: pipe error: 109: file z:/build/build/src/ipc/chromium/src/chrome/common/ipc_channel_win.cc, line 346
[Child 21008, Chrome_ChildThread] WARNING*** UTM:SVC TimerManager:registerTimer called after profile-before-change notification. Ignoring timer registration for id: telemetry_modules_ping
[GPU 19768, Chrome
###!!! [Child][MessageChannel::SendAndWait] Error: Channel error: cannot send/recv

